<?xml version="1.0" encoding="UTF-8"?>
<!-- Generated by org.testng.reporters.JUnitXMLReporter -->
<testsuite ignored="0" hostname="DESKTOP-PT16K8I" failures="0" tests="3" name="Test1 " time="30.695" errors="0" timestamp="2021-04-02T22:36:50 IST">
  <testcase classname="test.testTestng" name="googlesearch" time="6.686"/>
  <testcase classname="test.ExtentReportwithtestng" name="test1" time="0.1"/>
  <testcase classname="test.ExtentReportwithtestng" name="test2" time="0.011"/>
</testsuite> <!-- Test1  -->
