<?xml version="1.0" encoding="UTF-8"?>
<!-- Generated by org.testng.reporters.JUnitXMLReporter -->
<testsuite ignored="0" hostname="DESKTOP-PT16K8I" failures="0" tests="4" name="Test1" time="0.072" errors="0" timestamp="2021-04-04T02:35:42 IST">
  <testcase classname="test.TestNgGroupsdemo" name="test1" time="0.009"/>
  <testcase classname="test.TestNgGroupsdemo" name="test2" time="0.003"/>
  <testcase classname="test.TestNgGroupsdemo" name="test3" time="0.002"/>
  <testcase classname="test.TestNgGroupsdemo" name="test4" time="0.002"/>
</testsuite> <!-- Test1 -->
