<?xml version="1.0" encoding="UTF-8"?>
<!-- Generated by org.testng.reporters.JUnitXMLReporter -->
<testsuite ignored="0" hostname="DESKTOP-PT16K8I" failures="0" tests="6" name="Test" time="38.32" errors="0" timestamp="2021-04-04T01:37:45 IST">
  <testcase classname="listeners.TestNGListnersDemo" name="test1" time="0.014"/>
  <testcase classname="listeners.TestNGListnersDemo" name="test2" time="38.208"/>
  <testcase classname="listeners.TestNGListnersDemo" name="test3" time="0.006">
    <skipped/>
  </testcase> <!-- test3 -->
  <testcase classname="listeners.TestNGListnersDemo2" name="test4" time="0.003"/>
  <testcase classname="listeners.TestNGListnersDemo2" name="test5" time="0.004"/>
  <testcase classname="listeners.TestNGListnersDemo2" name="test6" time="0.007">
    <skipped/>
  </testcase> <!-- test6 -->
</testsuite> <!-- Test -->
